TN:
SF:C:/Users/Flow/git/gas-card/src/polyfills.ts
FNF:0
FNH:0
DA:41,1
DA:42,1
DA:56,1
LF:3
LH:3
BRF:0
BRH:0
end_of_record
TN:
SF:C:/Users/Flow/git/gas-card/src/test.ts
FN:20,(anonymous_0)
FNF:1
FNH:1
FNDA:1,(anonymous_0)
DA:3,1
DA:4,1
DA:5,1
DA:6,1
DA:7,1
DA:8,1
DA:9,1
DA:10,1
DA:20,1
DA:23,1
DA:28,1
DA:30,1
DA:32,1
LF:13
LH:13
BRF:0
BRH:0
end_of_record
TN:
SF:C:/Users/Flow/git/gas-card/src/app/app.component.ts
FN:8,(anonymous_1)
FN:8,AppComponent
FNF:2
FNH:2
FNDA:1,(anonymous_1)
FNDA:3,AppComponent
DA:1,1
DA:8,1
LF:2
LH:2
BRF:0
BRH:0
end_of_record
TN:
SF:C:/Users/Flow/git/gas-card/src/app/app.data.ts
FNF:0
FNH:0
DA:1,1
DA:3,1
LF:2
LH:2
BRF:0
BRH:0
end_of_record
TN:
SF:C:/Users/Flow/git/gas-card/src/app/app.service.ts
FN:8,(anonymous_2)
FN:12,AppService
FN:14,(anonymous_4)
FN:18,(anonymous_5)
FNF:4
FNH:3
FNDA:1,(anonymous_2)
FNDA:2,AppService
FNDA:2,(anonymous_4)
FNDA:0,(anonymous_5)
DA:1,1
DA:4,1
DA:8,1
DA:11,2
DA:14,1
DA:15,2
DA:18,1
DA:19,0
DA:21,1
LF:9
LH:8
BRF:0
BRH:0
end_of_record
TN:
SF:C:/Users/Flow/git/gas-card/src/app/gaz/gaz.component.ts
FN:11,(anonymous_2)
FN:15,GazComponent
FN:17,(anonymous_4)
FN:21,(anonymous_5)
FNF:4
FNH:3
FNDA:1,(anonymous_2)
FNDA:1,GazComponent
FNDA:1,(anonymous_4)
FNDA:0,(anonymous_5)
DA:1,1
DA:2,1
DA:3,1
DA:11,1
DA:13,1
DA:15,1
DA:17,1
DA:21,1
DA:22,0
DA:23,0
DA:24,0
DA:26,1
LF:12
LH:9
BRDA:15,0,0,1
BRDA:15,0,1,0
BRDA:15,1,0,1
BRF:3
BRH:2
end_of_record
TN:
SF:C:/Users/Flow/git/gas-card/src/app/gaz/gaz.model.ts
FN:1,(anonymous_0)
FN:6,Gaz
FNF:2
FNH:2
FNDA:1,(anonymous_0)
FNDA:10,Gaz
DA:1,1
DA:7,20
DA:8,20
DA:9,20
DA:15,10
DA:16,10
DA:17,10
DA:19,1
LF:8
LH:8
BRDA:7,0,0,1
BRDA:7,0,1,9
BRDA:8,1,0,1
BRDA:8,1,1,9
BRDA:9,2,0,1
BRDA:9,2,1,9
BRF:6
BRH:6
end_of_record
TN:
SF:C:/Users/Flow/git/gas-card/src/app/gaz/gaz.service.ts
FN:4,(anonymous_2)
FN:6,GazService
FNF:2
FNH:2
FNDA:1,(anonymous_2)
FNDA:1,GazService
DA:1,1
DA:4,1
DA:8,1
LF:3
LH:3
BRF:0
BRH:0
end_of_record
TN:
SF:C:/Users/Flow/git/gas-card/src/app/gaz/index.ts
FNF:0
FNH:0
DA:1,1
DA:2,1
LF:2
LH:2
BRF:0
BRH:0
end_of_record
TN:
SF:C:/Users/Flow/git/gas-card/src/app/menu/menu.component.ts
FN:8,(anonymous_2)
FN:10,MenuComponent
FN:12,(anonymous_4)
FNF:3
FNH:3
FNDA:1,(anonymous_2)
FNDA:4,MenuComponent
FNDA:3,(anonymous_4)
DA:1,1
DA:8,1
DA:12,1
DA:15,1
LF:4
LH:4
BRF:0
BRH:0
end_of_record
TN:
SF:C:/Users/Flow/git/gas-card/src/app/shared/directive/error-message.directive.ts
FN:6,(anonymous_2)
FN:8,ErrorMessageDirective
FNF:2
FNH:2
FNDA:1,(anonymous_2)
FNDA:1,ErrorMessageDirective
DA:1,1
DA:6,1
DA:10,1
LF:3
LH:3
BRF:0
BRH:0
end_of_record
TN:
SF:C:/Users/Flow/git/gas-card/src/app/shared/pipe/date-format.pipe.ts
FN:6,(anonymous_1)
FN:6,DateFormatPipe
FN:8,(anonymous_3)
FNF:3
FNH:2
FNDA:1,(anonymous_1)
FNDA:1,DateFormatPipe
FNDA:0,(anonymous_3)
DA:1,1
DA:6,1
DA:8,1
DA:9,0
DA:12,1
LF:5
LH:4
BRF:0
BRH:0
end_of_record
TN:
SF:C:/Users/Flow/git/gas-card/src/app/statistics/statistics.component.ts
FN:11,(anonymous_2)
FN:15,StatisticsComponent
FN:18,(anonymous_4)
FNF:3
FNH:3
FNDA:1,(anonymous_2)
FNDA:1,StatisticsComponent
FNDA:2,(anonymous_4)
DA:1,1
DA:3,1
DA:11,1
DA:15,1
DA:18,1
DA:19,2
DA:20,2
DA:21,0
DA:22,0
DA:23,0
DA:27,2
DA:29,2
DA:32,1
LF:13
LH:10
BRDA:20,0,0,0
BRDA:20,0,1,2
BRDA:22,1,0,0
BRDA:22,1,1,0
BRDA:15,2,0,1
BRDA:15,2,1,0
BRDA:15,3,0,1
BRF:7
BRH:3
end_of_record
